<?xml version="1.0" encoding="UTF-8"?>
<!-- Generated by org.testng.reporters.JUnitReportReporter -->
<testsuite skipped="0" hostname="dell" name="com.crm.qa.testcases.LoginPageTest" tests="3" failures="0" timestamp="19 Sep 2018 15:58:51 GMT" time="36.767" errors="0">
  <testcase name="loginPageTitleTest" time="8.520" classname="com.crm.qa.testcases.LoginPageTest"/>
  <testcase name="crmLogoImageTest" time="12.270" classname="com.crm.qa.testcases.LoginPageTest"/>
  <testcase name="loginTest" time="15.977" classname="com.crm.qa.testcases.LoginPageTest"/>
</testsuite> <!-- com.crm.qa.testcases.LoginPageTest -->
