<?xml version="1.0" encoding="UTF-8"?>
<!-- Generated by org.testng.reporters.JUnitReportReporter -->
<testsuite skipped="0" hostname="dell" name="com.crm.qa.testcases.ContactsPageTest" tests="1" failures="0" timestamp="20 Sep 2018 00:50:14 GMT" time="21.820" errors="0">
  <testcase name="verifyContactsPageLabel" time="21.820" classname="com.crm.qa.testcases.ContactsPageTest"/>
</testsuite> <!-- com.crm.qa.testcases.ContactsPageTest -->
