<?xml version="1.0" encoding="UTF-8"?>
<!-- Generated by org.testng.reporters.JUnitReportReporter -->
<testsuite skipped="0" hostname="dell" name="com.crm.qa.testcases.LoginPageTest" tests="3" failures="0" timestamp="20 Sep 2018 00:37:12 GMT" time="37.233" errors="0">
  <testcase name="loginPageTitleTest" time="10.214" classname="com.crm.qa.testcases.LoginPageTest"/>
  <testcase name="crmLogoImageTest" time="10.560" classname="com.crm.qa.testcases.LoginPageTest"/>
  <testcase name="loginTest" time="16.459" classname="com.crm.qa.testcases.LoginPageTest"/>
</testsuite> <!-- com.crm.qa.testcases.LoginPageTest -->
